<?xml version="1.0" encoding="UTF-8"?>
<!-- Generated by org.testng.reporters.JUnitReportReporter -->
<testsuite hostname="Varam-98765" failures="0" tests="2" name="com.ui.tests.LoginTest" time="18.235" errors="0" timestamp="2024-11-29T11:56:36 IST" skipped="0">
  <testcase classname="com.ui.tests.LoginTest" name="loginTest" time="8.237"/>
  <testcase classname="com.ui.tests.LoginTest" name="loginTest" time="9.998"/>
</testsuite> <!-- com.ui.tests.LoginTest -->
