<?xml version="1.0" encoding="UTF-8"?>
<!-- Generated by org.testng.reporters.JUnitReportReporter -->
<testsuite hostname="Varam-98765" failures="0" tests="2" name="com.ui.tests.LoginTest" time="23.893" errors="0" timestamp="2024-12-08T17:31:27 IST" skipped="0">
  <testcase classname="com.ui.tests.LoginTest" name="loginTest" time="14.390"/>
  <testcase classname="com.ui.tests.LoginTest" name="loginTest" time="9.503"/>
</testsuite> <!-- com.ui.tests.LoginTest -->
